<?xml version="1.0" encoding="UTF-8"?>
<!-- Generated by org.testng.reporters.JUnitReportReporter -->
<testsuite skipped="0" hostname="WSD080" name="com.multicloud.baseClass" tests="1" failures="0" timestamp="2020-04-20T16:40:43 IST" time="52.917" errors="0">
  <testcase name="baseclass" time="52.917" classname="com.multicloud.baseClass"/>
</testsuite> <!-- com.multicloud.baseClass -->
