<?xml version="1.0" encoding="UTF-8"?>
<!-- Generated by org.testng.reporters.JUnitReportReporter -->
<testsuite skipped="0" hostname="WSD080" name="com.multicloud.MigrationTest" tests="2" failures="0" timestamp="2020-04-28T17:26:03 IST" time="29.106" errors="0">
  <testcase name="Objectstoragemig" time="17.984" classname="com.multicloud.MigrationTest"/>
  <system-out/>
  <testcase name="ImmediateMigrationCephtoIBM" time="11.122" classname="com.multicloud.MigrationTest"/>
  <system-out/>
</testsuite> <!-- com.multicloud.MigrationTest -->
