<?xml version="1.0" encoding="UTF-8"?>
<!-- Generated by org.testng.reporters.JUnitReportReporter -->
<testsuite skipped="5" hostname="WSD080" name="com.multicloud.LifecycleTest" tests="5" failures="0" timestamp="2020-04-25T14:07:51 IST" time="0.000" errors="0">
  <testcase name="lifecyclecreate" time="0.000" classname="com.multicloud.LifecycleTest">
    <skipped/>
  </testcase> <!-- lifecyclecreate -->
  <testcase name="lifecycle" time="0.000" classname="com.multicloud.LifecycleTest">
    <skipped/>
  </testcase> <!-- lifecycle -->
  <testcase name="deleteobject" time="0.000" classname="com.multicloud.LifecycleTest">
    <skipped/>
  </testcase> <!-- deleteobject -->
  <testcase name="lifecycledeleteobject" time="0.000" classname="com.multicloud.LifecycleTest">
    <skipped/>
  </testcase> <!-- lifecycledeleteobject -->
  <testcase name="lifecycledelete" time="0.000" classname="com.multicloud.LifecycleTest">
    <skipped/>
  </testcase> <!-- lifecycledelete -->
</testsuite> <!-- com.multicloud.LifecycleTest -->
